Start testing: Jan 03 15:19 CST
----------------------------------------------------------
2/2 Testing: valgrind_check
2/2 Test: valgrind_check
Command: "/mnt/c/ken/中央大學/大二上學期/資料結構 Data Structure/各種程式/huffman-main/run_tests.sh" "--huffcode" "/mnt/c/ken/中央大學/大二上學期/資料結構 Data Structure/各種程式/huffman-main/build/huffcode" "--use-valgrind"
Directory: /mnt/c/ken/中央大學/大二上學期/資料結構 Data Structure/各種程式/huffman-main
"valgrind_check" start time: Jan 03 15:19 CST
Output:
----------------------------------------------------------
Basic Checks...
compress_test test_data/3_line
valgrind: /mnt/c/ken/中央大學/大二上學期/資料結構: No such file or directory
FAILURE: huffcode encode failed on test_data/3_line
<end of output>
Test time =   0.01 sec
----------------------------------------------------------
Test Failed.
"valgrind_check" end time: Jan 03 15:19 CST
"valgrind_check" time elapsed: 00:00:00
----------------------------------------------------------

End testing: Jan 03 15:19 CST
